<?xml version="1.0" encoding="UTF-8" ?>
<testsuite tests="35" failures="0" name="edu.cornell.mannlib.vivo.auth.policy.SelfEditorRelationshipPolicyTest" time="0.094" errors="0" skipped="0">
  <properties>
    <property name="java.runtime.name" value="OpenJDK Runtime Environment"/>
    <property name="sun.boot.library.path" value="/usr/lib/jvm/java-8-openjdk-amd64/jre/lib/amd64"/>
    <property name="java.vm.version" value="25.162-b12"/>
    <property name="java.vm.vendor" value="Oracle Corporation"/>
    <property name="maven.multiModuleProjectDirectory" value="/usr/local/vivo/fis-vivo-base/Vivo"/>
    <property name="java.vendor.url" value="http://java.oracle.com/"/>
    <property name="path.separator" value=":"/>
    <property name="guice.disable.misplaced.annotation.check" value="true"/>
    <property name="java.vm.name" value="OpenJDK 64-Bit Server VM"/>
    <property name="file.encoding.pkg" value="sun.io"/>
    <property name="user.country" value="US"/>
    <property name="sun.java.launcher" value="SUN_STANDARD"/>
    <property name="sun.os.patch.level" value="unknown"/>
    <property name="java.vm.specification.name" value="Java Virtual Machine Specification"/>
    <property name="user.dir" value="/usr/local/vivo/fis-vivo-base/Vivo"/>
    <property name="java.runtime.version" value="1.8.0_162-8u162-b12-0ubuntu0.16.04.2-b12"/>
    <property name="java.awt.graphicsenv" value="sun.awt.X11GraphicsEnvironment"/>
    <property name="java.endorsed.dirs" value="/usr/lib/jvm/java-8-openjdk-amd64/jre/lib/endorsed"/>
    <property name="os.arch" value="amd64"/>
    <property name="java.io.tmpdir" value="/tmp"/>
    <property name="line.separator" value="
"/>
    <property name="java.vm.specification.vendor" value="Oracle Corporation"/>
    <property name="os.name" value="Linux"/>
    <property name="classworlds.conf" value="/usr/local/apache-maven-3.3.9/bin/m2.conf"/>
    <property name="sun.jnu.encoding" value="UTF-8"/>
    <property name="java.library.path" value="/usr/java/packages/lib/amd64:/usr/lib/x86_64-linux-gnu/jni:/lib/x86_64-linux-gnu:/usr/lib/x86_64-linux-gnu:/usr/lib/jni:/lib:/usr/lib"/>
    <property name="java.specification.name" value="Java Platform API Specification"/>
    <property name="java.class.version" value="52.0"/>
    <property name="sun.management.compiler" value="HotSpot 64-Bit Tiered Compilers"/>
    <property name="os.version" value="4.4.0-122-generic"/>
    <property name="user.home" value="/home/vagrant"/>
    <property name="user.timezone" value="America/New_York"/>
    <property name="java.awt.printerjob" value="sun.print.PSPrinterJob"/>
    <property name="file.encoding" value="UTF-8"/>
    <property name="java.specification.version" value="1.8"/>
    <property name="user.name" value="vagrant"/>
    <property name="java.class.path" value="/usr/local/apache-maven-3.3.9/boot/plexus-classworlds-2.5.2.jar"/>
    <property name="java.vm.specification.version" value="1.8"/>
    <property name="sun.arch.data.model" value="64"/>
    <property name="java.home" value="/usr/lib/jvm/java-8-openjdk-amd64/jre"/>
    <property name="sun.java.command" value="org.codehaus.plexus.classworlds.launcher.Launcher install -s installer/custom-settings.xml"/>
    <property name="java.specification.vendor" value="Oracle Corporation"/>
    <property name="user.language" value="en"/>
    <property name="awt.toolkit" value="sun.awt.X11.XToolkit"/>
    <property name="java.vm.info" value="mixed mode"/>
    <property name="java.version" value="1.8.0_162"/>
    <property name="java.ext.dirs" value="/usr/lib/jvm/java-8-openjdk-amd64/jre/lib/ext:/usr/java/packages/lib/ext"/>
    <property name="securerandom.source" value="file:/dev/./urandom"/>
    <property name="sun.boot.class.path" value="/usr/lib/jvm/java-8-openjdk-amd64/jre/lib/resources.jar:/usr/lib/jvm/java-8-openjdk-amd64/jre/lib/rt.jar:/usr/lib/jvm/java-8-openjdk-amd64/jre/lib/sunrsasign.jar:/usr/lib/jvm/java-8-openjdk-amd64/jre/lib/jsse.jar:/usr/lib/jvm/java-8-openjdk-amd64/jre/lib/jce.jar:/usr/lib/jvm/java-8-openjdk-amd64/jre/lib/charsets.jar:/usr/lib/jvm/java-8-openjdk-amd64/jre/lib/jfr.jar:/usr/lib/jvm/java-8-openjdk-amd64/jre/classes"/>
    <property name="java.vendor" value="Oracle Corporation"/>
    <property name="maven.home" value="/usr/local/apache-maven-3.3.9"/>
    <property name="file.separator" value="/"/>
    <property name="java.vendor.url.bug" value="http://bugreport.sun.com/bugreport/"/>
    <property name="sun.cpu.endian" value="little"/>
    <property name="sun.io.unicode.encoding" value="UnicodeLittle"/>
    <property name="sun.cpu.isalist" value=""/>
  </properties>
  <testcase classname="edu.cornell.mannlib.vivo.auth.policy.SelfEditorRelationshipPolicyTest" name="objectPropObjectIsIceWithSelfEditingAuthor" time="0.023"/>
  <testcase classname="edu.cornell.mannlib.vivo.auth.policy.SelfEditorRelationshipPolicyTest" name="objectPropSubjectIsIceButWrongEditor" time="0.013"/>
  <testcase classname="edu.cornell.mannlib.vivo.auth.policy.SelfEditorRelationshipPolicyTest" name="objectPropObjectIsIceWithSelfEditingEditor" time="0"/>
  <testcase classname="edu.cornell.mannlib.vivo.auth.policy.SelfEditorRelationshipPolicyTest" name="requestedActionOutOfScope" time="0.001"/>
  <testcase classname="edu.cornell.mannlib.vivo.auth.policy.SelfEditorRelationshipPolicyTest" name="whoIsNull" time="0.001"/>
  <testcase classname="edu.cornell.mannlib.vivo.auth.policy.SelfEditorRelationshipPolicyTest" name="objectPropNeitherSubjectOrObjectIsIce" time="0.002"/>
  <testcase classname="edu.cornell.mannlib.vivo.auth.policy.SelfEditorRelationshipPolicyTest" name="whatIsNull" time="0"/>
  <testcase classname="edu.cornell.mannlib.vivo.auth.policy.SelfEditorRelationshipPolicyTest" name="dataPropPredicateIsRestricted" time="0.005"/>
  <testcase classname="edu.cornell.mannlib.vivo.auth.policy.SelfEditorRelationshipPolicyTest" name="objectPropSubjectIsRestricted" time="0.001"/>
  <testcase classname="edu.cornell.mannlib.vivo.auth.policy.SelfEditorRelationshipPolicyTest" name="objectPropObjectIsIceButWrongFeatured" time="0.002"/>
  <testcase classname="edu.cornell.mannlib.vivo.auth.policy.SelfEditorRelationshipPolicyTest" name="objectPropSubjectIsIceWithSelfEditingAuthor" time="0.002"/>
  <testcase classname="edu.cornell.mannlib.vivo.auth.policy.SelfEditorRelationshipPolicyTest" name="dataPropSubjectIsIceButWrongAuthor" time="0.003"/>
  <testcase classname="edu.cornell.mannlib.vivo.auth.policy.SelfEditorRelationshipPolicyTest" name="objectPropSubjectIsIceWithSelfEditingEditor" time="0.002"/>
  <testcase classname="edu.cornell.mannlib.vivo.auth.policy.SelfEditorRelationshipPolicyTest" name="dataPropSubjectIsIceButWrongEditor" time="0.002"/>
  <testcase classname="edu.cornell.mannlib.vivo.auth.policy.SelfEditorRelationshipPolicyTest" name="dataPropSubjectIsIceButNoAuthorsOrEditorsOrFeatured" time="0.002"/>
  <testcase classname="edu.cornell.mannlib.vivo.auth.policy.SelfEditorRelationshipPolicyTest" name="dataPropSubjectIsIceWithSelfEditingFeatured" time="0.003"/>
  <testcase classname="edu.cornell.mannlib.vivo.auth.policy.SelfEditorRelationshipPolicyTest" name="objectPropObjectIsIceButNoAuthorsOrEditors" time="0.003"/>
  <testcase classname="edu.cornell.mannlib.vivo.auth.policy.SelfEditorRelationshipPolicyTest" name="dataPropSubjectIsIceWithSelfEditingAuthor" time="0.001"/>
  <testcase classname="edu.cornell.mannlib.vivo.auth.policy.SelfEditorRelationshipPolicyTest" name="objectPropObjectIsIceWithSelfEditingFeatured" time="0.002"/>
  <testcase classname="edu.cornell.mannlib.vivo.auth.policy.SelfEditorRelationshipPolicyTest" name="dataPropSubjectIsIceWithSelfEditingEditor" time="0.002"/>
  <testcase classname="edu.cornell.mannlib.vivo.auth.policy.SelfEditorRelationshipPolicyTest" name="objectPropPredicateIsRestricted" time="0.001"/>
  <testcase classname="edu.cornell.mannlib.vivo.auth.policy.SelfEditorRelationshipPolicyTest" name="dataPropSubjectIsNotIce" time="0.002"/>
  <testcase classname="edu.cornell.mannlib.vivo.auth.policy.SelfEditorRelationshipPolicyTest" name="objectPropSubjectIsIceButNobodyIsSelfEditing" time="0.001"/>
  <testcase classname="edu.cornell.mannlib.vivo.auth.policy.SelfEditorRelationshipPolicyTest" name="dataPropSubjectIsIceButWrongFeatured" time="0.002"/>
  <testcase classname="edu.cornell.mannlib.vivo.auth.policy.SelfEditorRelationshipPolicyTest" name="objectPropObjectIsIcebutNobodyIsSelfEditing" time="0.001"/>
  <testcase classname="edu.cornell.mannlib.vivo.auth.policy.SelfEditorRelationshipPolicyTest" name="objectPropSubjectIsIceWithSelfEditingFeatured" time="0.001"/>
  <testcase classname="edu.cornell.mannlib.vivo.auth.policy.SelfEditorRelationshipPolicyTest" name="dataPropSubjectIsRestricted" time="0.001"/>
  <testcase classname="edu.cornell.mannlib.vivo.auth.policy.SelfEditorRelationshipPolicyTest" name="dataPropSubjectIsIceButNobodyIsSelfEditing" time="0.001"/>
  <testcase classname="edu.cornell.mannlib.vivo.auth.policy.SelfEditorRelationshipPolicyTest" name="objectPropObjectIsIceButWrongAuthor" time="0.002"/>
  <testcase classname="edu.cornell.mannlib.vivo.auth.policy.SelfEditorRelationshipPolicyTest" name="objectPropObjectIsIceButWrongEditor" time="0.002"/>
  <testcase classname="edu.cornell.mannlib.vivo.auth.policy.SelfEditorRelationshipPolicyTest" name="objectPropSubjectIsIceButNoAuthorsOrEditorsOrFeatured" time="0.003"/>
  <testcase classname="edu.cornell.mannlib.vivo.auth.policy.SelfEditorRelationshipPolicyTest" name="objectPropSubjectIsIceButWrongFeatured" time="0.002"/>
  <testcase classname="edu.cornell.mannlib.vivo.auth.policy.SelfEditorRelationshipPolicyTest" name="objectPropObjectIsRestricted" time="0.005"/>
  <testcase classname="edu.cornell.mannlib.vivo.auth.policy.SelfEditorRelationshipPolicyTest" name="objectPropSubjectIsIceButWrongAuthor" time="0"/>
  <testcase classname="edu.cornell.mannlib.vivo.auth.policy.SelfEditorRelationshipPolicyTest" name="notSelfEditing" time="0"/>
</testsuite>