<?xml version="1.0" encoding="UTF-8" ?>
<testsuite tests="173" failures="0" name="edu.cornell.mannlib.vitro.webapp.filters.URLRewritingHttpServletResponseTest" time="0.081" errors="0" skipped="0">
  <properties>
    <property name="java.runtime.name" value="OpenJDK Runtime Environment"/>
    <property name="sun.boot.library.path" value="/usr/lib/jvm/java-8-openjdk-amd64/jre/lib/amd64"/>
    <property name="java.vm.version" value="25.162-b12"/>
    <property name="java.vm.vendor" value="Oracle Corporation"/>
    <property name="maven.multiModuleProjectDirectory" value="/usr/local/vivo/fis-vivo-base/Vivo"/>
    <property name="java.vendor.url" value="http://java.oracle.com/"/>
    <property name="path.separator" value=":"/>
    <property name="guice.disable.misplaced.annotation.check" value="true"/>
    <property name="java.vm.name" value="OpenJDK 64-Bit Server VM"/>
    <property name="file.encoding.pkg" value="sun.io"/>
    <property name="user.country" value="US"/>
    <property name="sun.java.launcher" value="SUN_STANDARD"/>
    <property name="sun.os.patch.level" value="unknown"/>
    <property name="java.vm.specification.name" value="Java Virtual Machine Specification"/>
    <property name="user.dir" value="/usr/local/vivo/fis-vivo-base/Vivo"/>
    <property name="java.runtime.version" value="1.8.0_162-8u162-b12-0ubuntu0.16.04.2-b12"/>
    <property name="java.awt.graphicsenv" value="sun.awt.X11GraphicsEnvironment"/>
    <property name="java.endorsed.dirs" value="/usr/lib/jvm/java-8-openjdk-amd64/jre/lib/endorsed"/>
    <property name="os.arch" value="amd64"/>
    <property name="java.io.tmpdir" value="/tmp"/>
    <property name="line.separator" value="
"/>
    <property name="java.vm.specification.vendor" value="Oracle Corporation"/>
    <property name="os.name" value="Linux"/>
    <property name="classworlds.conf" value="/usr/local/apache-maven-3.3.9/bin/m2.conf"/>
    <property name="sun.jnu.encoding" value="UTF-8"/>
    <property name="java.library.path" value="/usr/java/packages/lib/amd64:/usr/lib/x86_64-linux-gnu/jni:/lib/x86_64-linux-gnu:/usr/lib/x86_64-linux-gnu:/usr/lib/jni:/lib:/usr/lib"/>
    <property name="java.specification.name" value="Java Platform API Specification"/>
    <property name="java.class.version" value="52.0"/>
    <property name="sun.management.compiler" value="HotSpot 64-Bit Tiered Compilers"/>
    <property name="os.version" value="4.4.0-122-generic"/>
    <property name="user.home" value="/home/vagrant"/>
    <property name="user.timezone" value="America/New_York"/>
    <property name="java.awt.printerjob" value="sun.print.PSPrinterJob"/>
    <property name="file.encoding" value="UTF-8"/>
    <property name="java.specification.version" value="1.8"/>
    <property name="user.name" value="vagrant"/>
    <property name="java.class.path" value="/usr/local/apache-maven-3.3.9/boot/plexus-classworlds-2.5.2.jar"/>
    <property name="java.vm.specification.version" value="1.8"/>
    <property name="sun.arch.data.model" value="64"/>
    <property name="java.home" value="/usr/lib/jvm/java-8-openjdk-amd64/jre"/>
    <property name="sun.java.command" value="org.codehaus.plexus.classworlds.launcher.Launcher install -s installer/custom-settings.xml"/>
    <property name="java.specification.vendor" value="Oracle Corporation"/>
    <property name="user.language" value="en"/>
    <property name="awt.toolkit" value="sun.awt.X11.XToolkit"/>
    <property name="java.vm.info" value="mixed mode"/>
    <property name="java.version" value="1.8.0_162"/>
    <property name="java.ext.dirs" value="/usr/lib/jvm/java-8-openjdk-amd64/jre/lib/ext:/usr/java/packages/lib/ext"/>
    <property name="securerandom.source" value="file:/dev/./urandom"/>
    <property name="sun.boot.class.path" value="/usr/lib/jvm/java-8-openjdk-amd64/jre/lib/resources.jar:/usr/lib/jvm/java-8-openjdk-amd64/jre/lib/rt.jar:/usr/lib/jvm/java-8-openjdk-amd64/jre/lib/sunrsasign.jar:/usr/lib/jvm/java-8-openjdk-amd64/jre/lib/jsse.jar:/usr/lib/jvm/java-8-openjdk-amd64/jre/lib/jce.jar:/usr/lib/jvm/java-8-openjdk-amd64/jre/lib/charsets.jar:/usr/lib/jvm/java-8-openjdk-amd64/jre/lib/jfr.jar:/usr/lib/jvm/java-8-openjdk-amd64/jre/classes"/>
    <property name="java.vendor" value="Oracle Corporation"/>
    <property name="maven.home" value="/usr/local/apache-maven-3.3.9"/>
    <property name="file.separator" value="/"/>
    <property name="java.vendor.url.bug" value="http://bugreport.sun.com/bugreport/"/>
    <property name="sun.cpu.endian" value="little"/>
    <property name="sun.io.unicode.encoding" value="UnicodeLittle"/>
    <property name="sun.cpu.isalist" value=""/>
  </properties>
  <testcase classname="edu.cornell.mannlib.vitro.webapp.filters.URLRewritingHttpServletResponseTest" name="test04993" time="0.02"/>
  <testcase classname="edu.cornell.mannlib.vitro.webapp.filters.URLRewritingHttpServletResponseTest" name="test04994" time="0.001"/>
  <testcase classname="edu.cornell.mannlib.vitro.webapp.filters.URLRewritingHttpServletResponseTest" name="test04995" time="0"/>
  <testcase classname="edu.cornell.mannlib.vitro.webapp.filters.URLRewritingHttpServletResponseTest" name="test04996" time="0.001"/>
  <testcase classname="edu.cornell.mannlib.vitro.webapp.filters.URLRewritingHttpServletResponseTest" name="test04997" time="0"/>
  <testcase classname="edu.cornell.mannlib.vitro.webapp.filters.URLRewritingHttpServletResponseTest" name="test04999" time="0.003"/>
  <testcase classname="edu.cornell.mannlib.vitro.webapp.filters.URLRewritingHttpServletResponseTest" name="test05000" time="0.001"/>
  <testcase classname="edu.cornell.mannlib.vitro.webapp.filters.URLRewritingHttpServletResponseTest" name="test11309" time="0"/>
  <testcase classname="edu.cornell.mannlib.vitro.webapp.filters.URLRewritingHttpServletResponseTest" name="test11310" time="0.003"/>
  <testcase classname="edu.cornell.mannlib.vitro.webapp.filters.URLRewritingHttpServletResponseTest" name="test11311" time="0.008"/>
  <testcase classname="edu.cornell.mannlib.vitro.webapp.filters.URLRewritingHttpServletResponseTest" name="test11312" time="0"/>
  <testcase classname="edu.cornell.mannlib.vitro.webapp.filters.URLRewritingHttpServletResponseTest" name="test11313" time="0"/>
  <testcase classname="edu.cornell.mannlib.vitro.webapp.filters.URLRewritingHttpServletResponseTest" name="test11314" time="0"/>
  <testcase classname="edu.cornell.mannlib.vitro.webapp.filters.URLRewritingHttpServletResponseTest" name="test11315" time="0"/>
  <testcase classname="edu.cornell.mannlib.vitro.webapp.filters.URLRewritingHttpServletResponseTest" name="test11317" time="0"/>
  <testcase classname="edu.cornell.mannlib.vitro.webapp.filters.URLRewritingHttpServletResponseTest" name="test11318" time="0.001"/>
  <testcase classname="edu.cornell.mannlib.vitro.webapp.filters.URLRewritingHttpServletResponseTest" name="test11319" time="0"/>
  <testcase classname="edu.cornell.mannlib.vitro.webapp.filters.URLRewritingHttpServletResponseTest" name="test11320" time="0.001"/>
  <testcase classname="edu.cornell.mannlib.vitro.webapp.filters.URLRewritingHttpServletResponseTest" name="test11321" time="0"/>
  <testcase classname="edu.cornell.mannlib.vitro.webapp.filters.URLRewritingHttpServletResponseTest" name="test11322" time="0"/>
  <testcase classname="edu.cornell.mannlib.vitro.webapp.filters.URLRewritingHttpServletResponseTest" name="test11323" time="0"/>
  <testcase classname="edu.cornell.mannlib.vitro.webapp.filters.URLRewritingHttpServletResponseTest" name="test13898" time="0"/>
  <testcase classname="edu.cornell.mannlib.vitro.webapp.filters.URLRewritingHttpServletResponseTest" name="test13899" time="0"/>
  <testcase classname="edu.cornell.mannlib.vitro.webapp.filters.URLRewritingHttpServletResponseTest" name="test14550" time="0"/>
  <testcase classname="edu.cornell.mannlib.vitro.webapp.filters.URLRewritingHttpServletResponseTest" name="test14551" time="0"/>
  <testcase classname="edu.cornell.mannlib.vitro.webapp.filters.URLRewritingHttpServletResponseTest" name="test14552" time="0"/>
  <testcase classname="edu.cornell.mannlib.vitro.webapp.filters.URLRewritingHttpServletResponseTest" name="test14556" time="0"/>
  <testcase classname="edu.cornell.mannlib.vitro.webapp.filters.URLRewritingHttpServletResponseTest" name="test14557" time="0"/>
  <testcase classname="edu.cornell.mannlib.vitro.webapp.filters.URLRewritingHttpServletResponseTest" name="test14561" time="0"/>
  <testcase classname="edu.cornell.mannlib.vitro.webapp.filters.URLRewritingHttpServletResponseTest" name="test14565" time="0"/>
  <testcase classname="edu.cornell.mannlib.vitro.webapp.filters.URLRewritingHttpServletResponseTest" name="test14566" time="0"/>
  <testcase classname="edu.cornell.mannlib.vitro.webapp.filters.URLRewritingHttpServletResponseTest" name="test14567" time="0"/>
  <testcase classname="edu.cornell.mannlib.vitro.webapp.filters.URLRewritingHttpServletResponseTest" name="test14568" time="0"/>
  <testcase classname="edu.cornell.mannlib.vitro.webapp.filters.URLRewritingHttpServletResponseTest" name="test14569" time="0"/>
  <testcase classname="edu.cornell.mannlib.vitro.webapp.filters.URLRewritingHttpServletResponseTest" name="test14842" time="0"/>
  <testcase classname="edu.cornell.mannlib.vitro.webapp.filters.URLRewritingHttpServletResponseTest" name="test14846" time="0"/>
  <testcase classname="edu.cornell.mannlib.vitro.webapp.filters.URLRewritingHttpServletResponseTest" name="test14851" time="0"/>
  <testcase classname="edu.cornell.mannlib.vitro.webapp.filters.URLRewritingHttpServletResponseTest" name="test14852" time="0"/>
  <testcase classname="edu.cornell.mannlib.vitro.webapp.filters.URLRewritingHttpServletResponseTest" name="test14853" time="0"/>
  <testcase classname="edu.cornell.mannlib.vitro.webapp.filters.URLRewritingHttpServletResponseTest" name="test14958" time="0"/>
  <testcase classname="edu.cornell.mannlib.vitro.webapp.filters.URLRewritingHttpServletResponseTest" name="test14968" time="0"/>
  <testcase classname="edu.cornell.mannlib.vitro.webapp.filters.URLRewritingHttpServletResponseTest" name="test14972" time="0"/>
  <testcase classname="edu.cornell.mannlib.vitro.webapp.filters.URLRewritingHttpServletResponseTest" name="test14979" time="0"/>
  <testcase classname="edu.cornell.mannlib.vitro.webapp.filters.URLRewritingHttpServletResponseTest" name="test14980" time="0"/>
  <testcase classname="edu.cornell.mannlib.vitro.webapp.filters.URLRewritingHttpServletResponseTest" name="test14982" time="0"/>
  <testcase classname="edu.cornell.mannlib.vitro.webapp.filters.URLRewritingHttpServletResponseTest" name="test14986" time="0"/>
  <testcase classname="edu.cornell.mannlib.vitro.webapp.filters.URLRewritingHttpServletResponseTest" name="test14999" time="0.001"/>
  <testcase classname="edu.cornell.mannlib.vitro.webapp.filters.URLRewritingHttpServletResponseTest" name="test15011" time="0"/>
  <testcase classname="edu.cornell.mannlib.vitro.webapp.filters.URLRewritingHttpServletResponseTest" name="test15014" time="0"/>
  <testcase classname="edu.cornell.mannlib.vitro.webapp.filters.URLRewritingHttpServletResponseTest" name="test15143" time="0"/>
  <testcase classname="edu.cornell.mannlib.vitro.webapp.filters.URLRewritingHttpServletResponseTest" name="test17004" time="0.001"/>
  <testcase classname="edu.cornell.mannlib.vitro.webapp.filters.URLRewritingHttpServletResponseTest" name="test17017" time="0"/>
  <testcase classname="edu.cornell.mannlib.vitro.webapp.filters.URLRewritingHttpServletResponseTest" name="test17021" time="0.001"/>
  <testcase classname="edu.cornell.mannlib.vitro.webapp.filters.URLRewritingHttpServletResponseTest" name="test17033" time="0"/>
  <testcase classname="edu.cornell.mannlib.vitro.webapp.filters.URLRewritingHttpServletResponseTest" name="test18467" time="0.001"/>
  <testcase classname="edu.cornell.mannlib.vitro.webapp.filters.URLRewritingHttpServletResponseTest" name="test18468" time="0"/>
  <testcase classname="edu.cornell.mannlib.vitro.webapp.filters.URLRewritingHttpServletResponseTest" name="test18472" time="0"/>
  <testcase classname="edu.cornell.mannlib.vitro.webapp.filters.URLRewritingHttpServletResponseTest" name="test18506" time="0.001"/>
  <testcase classname="edu.cornell.mannlib.vitro.webapp.filters.URLRewritingHttpServletResponseTest" name="test18512" time="0"/>
  <testcase classname="edu.cornell.mannlib.vitro.webapp.filters.URLRewritingHttpServletResponseTest" name="test18516" time="0"/>
  <testcase classname="edu.cornell.mannlib.vitro.webapp.filters.URLRewritingHttpServletResponseTest" name="test18543" time="0.001"/>
  <testcase classname="edu.cornell.mannlib.vitro.webapp.filters.URLRewritingHttpServletResponseTest" name="test18544" time="0"/>
  <testcase classname="edu.cornell.mannlib.vitro.webapp.filters.URLRewritingHttpServletResponseTest" name="test18545" time="0"/>
  <testcase classname="edu.cornell.mannlib.vitro.webapp.filters.URLRewritingHttpServletResponseTest" name="test18546" time="0.001"/>
  <testcase classname="edu.cornell.mannlib.vitro.webapp.filters.URLRewritingHttpServletResponseTest" name="test18547" time="0"/>
  <testcase classname="edu.cornell.mannlib.vitro.webapp.filters.URLRewritingHttpServletResponseTest" name="test27127" time="0"/>
  <testcase classname="edu.cornell.mannlib.vitro.webapp.filters.URLRewritingHttpServletResponseTest" name="test27130" time="0"/>
  <testcase classname="edu.cornell.mannlib.vitro.webapp.filters.URLRewritingHttpServletResponseTest" name="test27159" time="0.001"/>
  <testcase classname="edu.cornell.mannlib.vitro.webapp.filters.URLRewritingHttpServletResponseTest" name="test27160" time="0"/>
  <testcase classname="edu.cornell.mannlib.vitro.webapp.filters.URLRewritingHttpServletResponseTest" name="test27161" time="0"/>
  <testcase classname="edu.cornell.mannlib.vitro.webapp.filters.URLRewritingHttpServletResponseTest" name="test27166" time="0"/>
  <testcase classname="edu.cornell.mannlib.vitro.webapp.filters.URLRewritingHttpServletResponseTest" name="test28454" time="0"/>
  <testcase classname="edu.cornell.mannlib.vitro.webapp.filters.URLRewritingHttpServletResponseTest" name="test28458" time="0.001"/>
  <testcase classname="edu.cornell.mannlib.vitro.webapp.filters.URLRewritingHttpServletResponseTest" name="test29078" time="0"/>
  <testcase classname="edu.cornell.mannlib.vitro.webapp.filters.URLRewritingHttpServletResponseTest" name="test29081" time="0"/>
  <testcase classname="edu.cornell.mannlib.vitro.webapp.filters.URLRewritingHttpServletResponseTest" name="test29084" time="0"/>
  <testcase classname="edu.cornell.mannlib.vitro.webapp.filters.URLRewritingHttpServletResponseTest" name="test29085" time="0"/>
  <testcase classname="edu.cornell.mannlib.vitro.webapp.filters.URLRewritingHttpServletResponseTest" name="test29086" time="0.001"/>
  <testcase classname="edu.cornell.mannlib.vitro.webapp.filters.URLRewritingHttpServletResponseTest" name="test29087" time="0"/>
  <testcase classname="edu.cornell.mannlib.vitro.webapp.filters.URLRewritingHttpServletResponseTest" name="test35560" time="0"/>
  <testcase classname="edu.cornell.mannlib.vitro.webapp.filters.URLRewritingHttpServletResponseTest" name="test35562" time="0.001"/>
  <testcase classname="edu.cornell.mannlib.vitro.webapp.filters.URLRewritingHttpServletResponseTest" name="test35564" time="0"/>
  <testcase classname="edu.cornell.mannlib.vitro.webapp.filters.URLRewritingHttpServletResponseTest" name="test35568" time="0"/>
  <testcase classname="edu.cornell.mannlib.vitro.webapp.filters.URLRewritingHttpServletResponseTest" name="test35617" time="0"/>
  <testcase classname="edu.cornell.mannlib.vitro.webapp.filters.URLRewritingHttpServletResponseTest" name="test35618" time="0"/>
  <testcase classname="edu.cornell.mannlib.vitro.webapp.filters.URLRewritingHttpServletResponseTest" name="test37150" time="0.001"/>
  <testcase classname="edu.cornell.mannlib.vitro.webapp.filters.URLRewritingHttpServletResponseTest" name="test37402" time="0"/>
  <testcase classname="edu.cornell.mannlib.vitro.webapp.filters.URLRewritingHttpServletResponseTest" name="test37403" time="0"/>
  <testcase classname="edu.cornell.mannlib.vitro.webapp.filters.URLRewritingHttpServletResponseTest" name="test38667" time="0.001"/>
  <testcase classname="edu.cornell.mannlib.vitro.webapp.filters.URLRewritingHttpServletResponseTest" name="test38687" time="0"/>
  <testcase classname="edu.cornell.mannlib.vitro.webapp.filters.URLRewritingHttpServletResponseTest" name="test38693" time="0.002"/>
  <testcase classname="edu.cornell.mannlib.vitro.webapp.filters.URLRewritingHttpServletResponseTest" name="test38694" time="0"/>
  <testcase classname="edu.cornell.mannlib.vitro.webapp.filters.URLRewritingHttpServletResponseTest" name="test38695" time="0"/>
  <testcase classname="edu.cornell.mannlib.vitro.webapp.filters.URLRewritingHttpServletResponseTest" name="test38696" time="0"/>
  <testcase classname="edu.cornell.mannlib.vitro.webapp.filters.URLRewritingHttpServletResponseTest" name="test39149" time="0.001"/>
  <testcase classname="edu.cornell.mannlib.vitro.webapp.filters.URLRewritingHttpServletResponseTest" name="test39153" time="0"/>
  <testcase classname="edu.cornell.mannlib.vitro.webapp.filters.URLRewritingHttpServletResponseTest" name="test39472" time="0"/>
  <testcase classname="edu.cornell.mannlib.vitro.webapp.filters.URLRewritingHttpServletResponseTest" name="test39473" time="0"/>
  <testcase classname="edu.cornell.mannlib.vitro.webapp.filters.URLRewritingHttpServletResponseTest" name="test39474" time="0.001"/>
  <testcase classname="edu.cornell.mannlib.vitro.webapp.filters.URLRewritingHttpServletResponseTest" name="test39475" time="0"/>
  <testcase classname="edu.cornell.mannlib.vitro.webapp.filters.URLRewritingHttpServletResponseTest" name="test40984" time="0"/>
  <testcase classname="edu.cornell.mannlib.vitro.webapp.filters.URLRewritingHttpServletResponseTest" name="test40988" time="0"/>
  <testcase classname="edu.cornell.mannlib.vitro.webapp.filters.URLRewritingHttpServletResponseTest" name="test40994" time="0"/>
  <testcase classname="edu.cornell.mannlib.vitro.webapp.filters.URLRewritingHttpServletResponseTest" name="test40995" time="0"/>
  <testcase classname="edu.cornell.mannlib.vitro.webapp.filters.URLRewritingHttpServletResponseTest" name="test40996" time="0.001"/>
  <testcase classname="edu.cornell.mannlib.vitro.webapp.filters.URLRewritingHttpServletResponseTest" name="test40999" time="0"/>
  <testcase classname="edu.cornell.mannlib.vitro.webapp.filters.URLRewritingHttpServletResponseTest" name="test41004" time="0"/>
  <testcase classname="edu.cornell.mannlib.vitro.webapp.filters.URLRewritingHttpServletResponseTest" name="test41133" time="0.001"/>
  <testcase classname="edu.cornell.mannlib.vitro.webapp.filters.URLRewritingHttpServletResponseTest" name="test41464" time="0"/>
  <testcase classname="edu.cornell.mannlib.vitro.webapp.filters.URLRewritingHttpServletResponseTest" name="test41465" time="0"/>
  <testcase classname="edu.cornell.mannlib.vitro.webapp.filters.URLRewritingHttpServletResponseTest" name="test42083" time="0.001"/>
  <testcase classname="edu.cornell.mannlib.vitro.webapp.filters.URLRewritingHttpServletResponseTest" name="test42084" time="0"/>
  <testcase classname="edu.cornell.mannlib.vitro.webapp.filters.URLRewritingHttpServletResponseTest" name="test42085" time="0"/>
  <testcase classname="edu.cornell.mannlib.vitro.webapp.filters.URLRewritingHttpServletResponseTest" name="test42086" time="0.001"/>
  <testcase classname="edu.cornell.mannlib.vitro.webapp.filters.URLRewritingHttpServletResponseTest" name="test42087" time="0"/>
  <testcase classname="edu.cornell.mannlib.vitro.webapp.filters.URLRewritingHttpServletResponseTest" name="test42088" time="0"/>
  <testcase classname="edu.cornell.mannlib.vitro.webapp.filters.URLRewritingHttpServletResponseTest" name="test42089" time="0.001"/>
  <testcase classname="edu.cornell.mannlib.vitro.webapp.filters.URLRewritingHttpServletResponseTest" name="test42090" time="0"/>
  <testcase classname="edu.cornell.mannlib.vitro.webapp.filters.URLRewritingHttpServletResponseTest" name="test42091" time="0.001"/>
  <testcase classname="edu.cornell.mannlib.vitro.webapp.filters.URLRewritingHttpServletResponseTest" name="test42110" time="0"/>
  <testcase classname="edu.cornell.mannlib.vitro.webapp.filters.URLRewritingHttpServletResponseTest" name="test43123" time="0"/>
  <testcase classname="edu.cornell.mannlib.vitro.webapp.filters.URLRewritingHttpServletResponseTest" name="test43124" time="0"/>
  <testcase classname="edu.cornell.mannlib.vitro.webapp.filters.URLRewritingHttpServletResponseTest" name="test43748" time="0"/>
  <testcase classname="edu.cornell.mannlib.vitro.webapp.filters.URLRewritingHttpServletResponseTest" name="test43749" time="0"/>
  <testcase classname="edu.cornell.mannlib.vitro.webapp.filters.URLRewritingHttpServletResponseTest" name="test43750" time="0.009"/>
  <testcase classname="edu.cornell.mannlib.vitro.webapp.filters.URLRewritingHttpServletResponseTest" name="test43754" time="0"/>
  <testcase classname="edu.cornell.mannlib.vitro.webapp.filters.URLRewritingHttpServletResponseTest" name="test43757" time="0"/>
  <testcase classname="edu.cornell.mannlib.vitro.webapp.filters.URLRewritingHttpServletResponseTest" name="test43760" time="0.001"/>
  <testcase classname="edu.cornell.mannlib.vitro.webapp.filters.URLRewritingHttpServletResponseTest" name="test43761" time="0"/>
  <testcase classname="edu.cornell.mannlib.vitro.webapp.filters.URLRewritingHttpServletResponseTest" name="test43762" time="0"/>
  <testcase classname="edu.cornell.mannlib.vitro.webapp.filters.URLRewritingHttpServletResponseTest" name="test43763" time="0"/>
  <testcase classname="edu.cornell.mannlib.vitro.webapp.filters.URLRewritingHttpServletResponseTest" name="test43764" time="0"/>
  <testcase classname="edu.cornell.mannlib.vitro.webapp.filters.URLRewritingHttpServletResponseTest" name="test47087" time="0"/>
  <testcase classname="edu.cornell.mannlib.vitro.webapp.filters.URLRewritingHttpServletResponseTest" name="test47088" time="0"/>
  <testcase classname="edu.cornell.mannlib.vitro.webapp.filters.URLRewritingHttpServletResponseTest" name="test47091" time="0"/>
  <testcase classname="edu.cornell.mannlib.vitro.webapp.filters.URLRewritingHttpServletResponseTest" name="test47093" time="0"/>
  <testcase classname="edu.cornell.mannlib.vitro.webapp.filters.URLRewritingHttpServletResponseTest" name="test48256" time="0"/>
  <testcase classname="edu.cornell.mannlib.vitro.webapp.filters.URLRewritingHttpServletResponseTest" name="test53543" time="0"/>
  <testcase classname="edu.cornell.mannlib.vitro.webapp.filters.URLRewritingHttpServletResponseTest" name="test53549" time="0"/>
  <testcase classname="edu.cornell.mannlib.vitro.webapp.filters.URLRewritingHttpServletResponseTest" name="test53555" time="0.001"/>
  <testcase classname="edu.cornell.mannlib.vitro.webapp.filters.URLRewritingHttpServletResponseTest" name="test53557" time="0"/>
  <testcase classname="edu.cornell.mannlib.vitro.webapp.filters.URLRewritingHttpServletResponseTest" name="test57982" time="0"/>
  <testcase classname="edu.cornell.mannlib.vitro.webapp.filters.URLRewritingHttpServletResponseTest" name="test57983" time="0"/>
  <testcase classname="edu.cornell.mannlib.vitro.webapp.filters.URLRewritingHttpServletResponseTest" name="test57986" time="0"/>
  <testcase classname="edu.cornell.mannlib.vitro.webapp.filters.URLRewritingHttpServletResponseTest" name="test57987" time="0"/>
  <testcase classname="edu.cornell.mannlib.vitro.webapp.filters.URLRewritingHttpServletResponseTest" name="test57988" time="0"/>
  <testcase classname="edu.cornell.mannlib.vitro.webapp.filters.URLRewritingHttpServletResponseTest" name="test57989" time="0"/>
  <testcase classname="edu.cornell.mannlib.vitro.webapp.filters.URLRewritingHttpServletResponseTest" name="test59983" time="0"/>
  <testcase classname="edu.cornell.mannlib.vitro.webapp.filters.URLRewritingHttpServletResponseTest" name="test1455200" time="0"/>
  <testcase classname="edu.cornell.mannlib.vitro.webapp.filters.URLRewritingHttpServletResponseTest" name="test113222" time="0"/>
  <testcase classname="edu.cornell.mannlib.vitro.webapp.filters.URLRewritingHttpServletResponseTest" name="test145610" time="0"/>
  <testcase classname="edu.cornell.mannlib.vitro.webapp.filters.URLRewritingHttpServletResponseTest" name="test145650" time="0.001"/>
  <testcase classname="edu.cornell.mannlib.vitro.webapp.filters.URLRewritingHttpServletResponseTest" name="test145660" time="0"/>
  <testcase classname="edu.cornell.mannlib.vitro.webapp.filters.URLRewritingHttpServletResponseTest" name="test145680" time="0"/>
  <testcase classname="edu.cornell.mannlib.vitro.webapp.filters.URLRewritingHttpServletResponseTest" name="test145690" time="0.004"/>
  <testcase classname="edu.cornell.mannlib.vitro.webapp.filters.URLRewritingHttpServletResponseTest" name="test148510" time="0"/>
  <testcase classname="edu.cornell.mannlib.vitro.webapp.filters.URLRewritingHttpServletResponseTest" name="test148530" time="0"/>
  <testcase classname="edu.cornell.mannlib.vitro.webapp.filters.URLRewritingHttpServletResponseTest" name="test184670" time="0"/>
  <testcase classname="edu.cornell.mannlib.vitro.webapp.filters.URLRewritingHttpServletResponseTest" name="test184680" time="0"/>
  <testcase classname="edu.cornell.mannlib.vitro.webapp.filters.URLRewritingHttpServletResponseTest" name="test185440" time="0"/>
  <testcase classname="edu.cornell.mannlib.vitro.webapp.filters.URLRewritingHttpServletResponseTest" name="test185470" time="0.001"/>
  <testcase classname="edu.cornell.mannlib.vitro.webapp.filters.URLRewritingHttpServletResponseTest" name="test271590" time="0"/>
  <testcase classname="edu.cornell.mannlib.vitro.webapp.filters.URLRewritingHttpServletResponseTest" name="test290860" time="0"/>
  <testcase classname="edu.cornell.mannlib.vitro.webapp.filters.URLRewritingHttpServletResponseTest" name="test356180" time="0"/>
  <testcase classname="edu.cornell.mannlib.vitro.webapp.filters.URLRewritingHttpServletResponseTest" name="test391499" time="0.001"/>
  <testcase classname="edu.cornell.mannlib.vitro.webapp.filters.URLRewritingHttpServletResponseTest" name="test394730" time="0"/>
  <testcase classname="edu.cornell.mannlib.vitro.webapp.filters.URLRewritingHttpServletResponseTest" name="test437500" time="0"/>
  <testcase classname="edu.cornell.mannlib.vitro.webapp.filters.URLRewritingHttpServletResponseTest" name="test437540" time="0"/>
  <testcase classname="edu.cornell.mannlib.vitro.webapp.filters.URLRewritingHttpServletResponseTest" name="test437610" time="0"/>
  <testcase classname="edu.cornell.mannlib.vitro.webapp.filters.URLRewritingHttpServletResponseTest" name="test437630" time="0"/>
  <testcase classname="edu.cornell.mannlib.vitro.webapp.filters.URLRewritingHttpServletResponseTest" name="test437640" time="0.001"/>
  <testcase classname="edu.cornell.mannlib.vitro.webapp.filters.URLRewritingHttpServletResponseTest" name="test470910" time="0"/>
  <testcase classname="edu.cornell.mannlib.vitro.webapp.filters.URLRewritingHttpServletResponseTest" name="test470930" time="0"/>
</testsuite>