<?xml version="1.0" encoding="UTF-8" ?>
<testsuite tests="29" failures="0" name="edu.cornell.mannlib.vitro.webapp.controller.accounts.UserAccountsSelectorTest" time="0.789" errors="0" skipped="0">
  <properties>
    <property name="java.runtime.name" value="OpenJDK Runtime Environment"/>
    <property name="sun.boot.library.path" value="/usr/lib/jvm/java-8-openjdk-amd64/jre/lib/amd64"/>
    <property name="java.vm.version" value="25.162-b12"/>
    <property name="java.vm.vendor" value="Oracle Corporation"/>
    <property name="maven.multiModuleProjectDirectory" value="/usr/local/vivo/fis-vivo-base/Vivo"/>
    <property name="java.vendor.url" value="http://java.oracle.com/"/>
    <property name="path.separator" value=":"/>
    <property name="guice.disable.misplaced.annotation.check" value="true"/>
    <property name="java.vm.name" value="OpenJDK 64-Bit Server VM"/>
    <property name="file.encoding.pkg" value="sun.io"/>
    <property name="user.country" value="US"/>
    <property name="sun.java.launcher" value="SUN_STANDARD"/>
    <property name="sun.os.patch.level" value="unknown"/>
    <property name="java.vm.specification.name" value="Java Virtual Machine Specification"/>
    <property name="user.dir" value="/usr/local/vivo/fis-vivo-base/Vivo"/>
    <property name="java.runtime.version" value="1.8.0_162-8u162-b12-0ubuntu0.16.04.2-b12"/>
    <property name="java.awt.graphicsenv" value="sun.awt.X11GraphicsEnvironment"/>
    <property name="java.endorsed.dirs" value="/usr/lib/jvm/java-8-openjdk-amd64/jre/lib/endorsed"/>
    <property name="os.arch" value="amd64"/>
    <property name="java.io.tmpdir" value="/tmp"/>
    <property name="line.separator" value="
"/>
    <property name="java.vm.specification.vendor" value="Oracle Corporation"/>
    <property name="os.name" value="Linux"/>
    <property name="classworlds.conf" value="/usr/local/apache-maven-3.3.9/bin/m2.conf"/>
    <property name="sun.jnu.encoding" value="UTF-8"/>
    <property name="java.library.path" value="/usr/java/packages/lib/amd64:/usr/lib/x86_64-linux-gnu/jni:/lib/x86_64-linux-gnu:/usr/lib/x86_64-linux-gnu:/usr/lib/jni:/lib:/usr/lib"/>
    <property name="java.specification.name" value="Java Platform API Specification"/>
    <property name="java.class.version" value="52.0"/>
    <property name="sun.management.compiler" value="HotSpot 64-Bit Tiered Compilers"/>
    <property name="os.version" value="4.4.0-122-generic"/>
    <property name="user.home" value="/home/vagrant"/>
    <property name="user.timezone" value="America/New_York"/>
    <property name="java.awt.printerjob" value="sun.print.PSPrinterJob"/>
    <property name="file.encoding" value="UTF-8"/>
    <property name="java.specification.version" value="1.8"/>
    <property name="user.name" value="vagrant"/>
    <property name="java.class.path" value="/usr/local/apache-maven-3.3.9/boot/plexus-classworlds-2.5.2.jar"/>
    <property name="java.vm.specification.version" value="1.8"/>
    <property name="sun.arch.data.model" value="64"/>
    <property name="java.home" value="/usr/lib/jvm/java-8-openjdk-amd64/jre"/>
    <property name="sun.java.command" value="org.codehaus.plexus.classworlds.launcher.Launcher install -s installer/custom-settings.xml"/>
    <property name="java.specification.vendor" value="Oracle Corporation"/>
    <property name="user.language" value="en"/>
    <property name="awt.toolkit" value="sun.awt.X11.XToolkit"/>
    <property name="java.vm.info" value="mixed mode"/>
    <property name="java.version" value="1.8.0_162"/>
    <property name="java.ext.dirs" value="/usr/lib/jvm/java-8-openjdk-amd64/jre/lib/ext:/usr/java/packages/lib/ext"/>
    <property name="securerandom.source" value="file:/dev/./urandom"/>
    <property name="sun.boot.class.path" value="/usr/lib/jvm/java-8-openjdk-amd64/jre/lib/resources.jar:/usr/lib/jvm/java-8-openjdk-amd64/jre/lib/rt.jar:/usr/lib/jvm/java-8-openjdk-amd64/jre/lib/sunrsasign.jar:/usr/lib/jvm/java-8-openjdk-amd64/jre/lib/jsse.jar:/usr/lib/jvm/java-8-openjdk-amd64/jre/lib/jce.jar:/usr/lib/jvm/java-8-openjdk-amd64/jre/lib/charsets.jar:/usr/lib/jvm/java-8-openjdk-amd64/jre/lib/jfr.jar:/usr/lib/jvm/java-8-openjdk-amd64/jre/classes"/>
    <property name="java.vendor" value="Oracle Corporation"/>
    <property name="maven.home" value="/usr/local/apache-maven-3.3.9"/>
    <property name="file.separator" value="/"/>
    <property name="java.vendor.url.bug" value="http://bugreport.sun.com/bugreport/"/>
    <property name="sun.cpu.endian" value="little"/>
    <property name="sun.io.unicode.encoding" value="UnicodeLittle"/>
    <property name="sun.cpu.isalist" value=""/>
  </properties>
  <testcase classname="edu.cornell.mannlib.vitro.webapp.controller.accounts.UserAccountsSelectorTest" name="sortByFirstNameDescending" time="0.085"/>
  <testcase classname="edu.cornell.mannlib.vitro.webapp.controller.accounts.UserAccountsSelectorTest" name="showFirstPageOfFifteen" time="0.061"/>
  <testcase classname="edu.cornell.mannlib.vitro.webapp.controller.accounts.UserAccountsSelectorTest" name="sortByFirstNameAscending" time="0.042"/>
  <testcase classname="edu.cornell.mannlib.vitro.webapp.controller.accounts.UserAccountsSelectorTest" name="criteriaIsNull" time="0.001"/>
  <testcase classname="edu.cornell.mannlib.vitro.webapp.controller.accounts.UserAccountsSelectorTest" name="sortByStatusAscending" time="0.031"/>
  <testcase classname="edu.cornell.mannlib.vitro.webapp.controller.accounts.UserAccountsSelectorTest" name="checkFieldsForRootUser" time="0.032"/>
  <testcase classname="edu.cornell.mannlib.vitro.webapp.controller.accounts.UserAccountsSelectorTest" name="showTenthPageOfThree" time="0.022"/>
  <testcase classname="edu.cornell.mannlib.vitro.webapp.controller.accounts.UserAccountsSelectorTest" name="sortByEmailAscending" time="0.026"/>
  <testcase classname="edu.cornell.mannlib.vitro.webapp.controller.accounts.UserAccountsSelectorTest" name="showFirstPageOfOne" time="0.024"/>
  <testcase classname="edu.cornell.mannlib.vitro.webapp.controller.accounts.UserAccountsSelectorTest" name="searchWithFilter" time="0.074"/>
  <testcase classname="edu.cornell.mannlib.vitro.webapp.controller.accounts.UserAccountsSelectorTest" name="searchTermContainsSpecialRegexCharacters" time="0.027"/>
  <testcase classname="edu.cornell.mannlib.vitro.webapp.controller.accounts.UserAccountsSelectorTest" name="filterAgainstRole1" time="0.046"/>
  <testcase classname="edu.cornell.mannlib.vitro.webapp.controller.accounts.UserAccountsSelectorTest" name="filterAgainstRole2" time="0.018"/>
  <testcase classname="edu.cornell.mannlib.vitro.webapp.controller.accounts.UserAccountsSelectorTest" name="searchTermFoundInAllThreeFields" time="0.031"/>
  <testcase classname="edu.cornell.mannlib.vitro.webapp.controller.accounts.UserAccountsSelectorTest" name="modelIsNull" time="0"/>
  <testcase classname="edu.cornell.mannlib.vitro.webapp.controller.accounts.UserAccountsSelectorTest" name="sortByLoginCountDescending" time="0.039"/>
  <testcase classname="edu.cornell.mannlib.vitro.webapp.controller.accounts.UserAccountsSelectorTest" name="sortByEmailDescending" time="0.021"/>
  <testcase classname="edu.cornell.mannlib.vitro.webapp.controller.accounts.UserAccountsSelectorTest" name="sortByLastNameAscending" time="0.022"/>
  <testcase classname="edu.cornell.mannlib.vitro.webapp.controller.accounts.UserAccountsSelectorTest" name="sortByStatusDescending" time="0.029"/>
  <testcase classname="edu.cornell.mannlib.vitro.webapp.controller.accounts.UserAccountsSelectorTest" name="showFirstPageOfFive" time="0.021"/>
  <testcase classname="edu.cornell.mannlib.vitro.webapp.controller.accounts.UserAccountsSelectorTest" name="sortByLastLoginTimeDescending" time="0.017"/>
  <testcase classname="edu.cornell.mannlib.vitro.webapp.controller.accounts.UserAccountsSelectorTest" name="checkAllFields" time="0.013"/>
  <testcase classname="edu.cornell.mannlib.vitro.webapp.controller.accounts.UserAccountsSelectorTest" name="searchWithFilterPaginatedWithFunkySortOrder" time="0.017"/>
  <testcase classname="edu.cornell.mannlib.vitro.webapp.controller.accounts.UserAccountsSelectorTest" name="filterAgainstNoSuchRole" time="0.014"/>
  <testcase classname="edu.cornell.mannlib.vitro.webapp.controller.accounts.UserAccountsSelectorTest" name="sortByLastNameDescending" time="0.018"/>
  <testcase classname="edu.cornell.mannlib.vitro.webapp.controller.accounts.UserAccountsSelectorTest" name="showSecondPageOfSeven" time="0.013"/>
  <testcase classname="edu.cornell.mannlib.vitro.webapp.controller.accounts.UserAccountsSelectorTest" name="sortByLastLoginTimeAscending" time="0.016"/>
  <testcase classname="edu.cornell.mannlib.vitro.webapp.controller.accounts.UserAccountsSelectorTest" name="searchTermNotFound" time="0.013"/>
  <testcase classname="edu.cornell.mannlib.vitro.webapp.controller.accounts.UserAccountsSelectorTest" name="sortByLoginCountAscending" time="0.016"/>
</testsuite>