<?xml version="1.0" encoding="UTF-8" ?>
<testsuite tests="18" failures="0" name="edu.cornell.mannlib.vitro.webapp.web.templatemodels.individual.ObjectPropertyTemplateModel_PropertyListConfigTest" time="1.238" errors="0" skipped="0">
  <properties>
    <property name="java.runtime.name" value="OpenJDK Runtime Environment"/>
    <property name="sun.boot.library.path" value="/usr/lib/jvm/java-8-openjdk-amd64/jre/lib/amd64"/>
    <property name="java.vm.version" value="25.162-b12"/>
    <property name="java.vm.vendor" value="Oracle Corporation"/>
    <property name="maven.multiModuleProjectDirectory" value="/usr/local/vivo/fis-vivo-base/Vivo"/>
    <property name="java.vendor.url" value="http://java.oracle.com/"/>
    <property name="path.separator" value=":"/>
    <property name="guice.disable.misplaced.annotation.check" value="true"/>
    <property name="java.vm.name" value="OpenJDK 64-Bit Server VM"/>
    <property name="file.encoding.pkg" value="sun.io"/>
    <property name="user.country" value="US"/>
    <property name="sun.java.launcher" value="SUN_STANDARD"/>
    <property name="sun.os.patch.level" value="unknown"/>
    <property name="java.vm.specification.name" value="Java Virtual Machine Specification"/>
    <property name="user.dir" value="/usr/local/vivo/fis-vivo-base/Vivo"/>
    <property name="java.runtime.version" value="1.8.0_162-8u162-b12-0ubuntu0.16.04.2-b12"/>
    <property name="java.awt.graphicsenv" value="sun.awt.X11GraphicsEnvironment"/>
    <property name="java.endorsed.dirs" value="/usr/lib/jvm/java-8-openjdk-amd64/jre/lib/endorsed"/>
    <property name="os.arch" value="amd64"/>
    <property name="java.io.tmpdir" value="/tmp"/>
    <property name="line.separator" value="
"/>
    <property name="java.vm.specification.vendor" value="Oracle Corporation"/>
    <property name="os.name" value="Linux"/>
    <property name="classworlds.conf" value="/usr/local/apache-maven-3.3.9/bin/m2.conf"/>
    <property name="sun.jnu.encoding" value="UTF-8"/>
    <property name="java.library.path" value="/usr/java/packages/lib/amd64:/usr/lib/x86_64-linux-gnu/jni:/lib/x86_64-linux-gnu:/usr/lib/x86_64-linux-gnu:/usr/lib/jni:/lib:/usr/lib"/>
    <property name="java.specification.name" value="Java Platform API Specification"/>
    <property name="java.class.version" value="52.0"/>
    <property name="sun.management.compiler" value="HotSpot 64-Bit Tiered Compilers"/>
    <property name="os.version" value="4.4.0-122-generic"/>
    <property name="user.home" value="/home/vagrant"/>
    <property name="user.timezone" value="America/New_York"/>
    <property name="java.awt.printerjob" value="sun.print.PSPrinterJob"/>
    <property name="file.encoding" value="UTF-8"/>
    <property name="java.specification.version" value="1.8"/>
    <property name="user.name" value="vagrant"/>
    <property name="java.class.path" value="/usr/local/apache-maven-3.3.9/boot/plexus-classworlds-2.5.2.jar"/>
    <property name="java.vm.specification.version" value="1.8"/>
    <property name="sun.arch.data.model" value="64"/>
    <property name="java.home" value="/usr/lib/jvm/java-8-openjdk-amd64/jre"/>
    <property name="sun.java.command" value="org.codehaus.plexus.classworlds.launcher.Launcher install -s installer/custom-settings.xml"/>
    <property name="java.specification.vendor" value="Oracle Corporation"/>
    <property name="user.language" value="en"/>
    <property name="awt.toolkit" value="sun.awt.X11.XToolkit"/>
    <property name="java.vm.info" value="mixed mode"/>
    <property name="java.version" value="1.8.0_162"/>
    <property name="java.ext.dirs" value="/usr/lib/jvm/java-8-openjdk-amd64/jre/lib/ext:/usr/java/packages/lib/ext"/>
    <property name="securerandom.source" value="file:/dev/./urandom"/>
    <property name="sun.boot.class.path" value="/usr/lib/jvm/java-8-openjdk-amd64/jre/lib/resources.jar:/usr/lib/jvm/java-8-openjdk-amd64/jre/lib/rt.jar:/usr/lib/jvm/java-8-openjdk-amd64/jre/lib/sunrsasign.jar:/usr/lib/jvm/java-8-openjdk-amd64/jre/lib/jsse.jar:/usr/lib/jvm/java-8-openjdk-amd64/jre/lib/jce.jar:/usr/lib/jvm/java-8-openjdk-amd64/jre/lib/charsets.jar:/usr/lib/jvm/java-8-openjdk-amd64/jre/lib/jfr.jar:/usr/lib/jvm/java-8-openjdk-amd64/jre/classes"/>
    <property name="java.vendor" value="Oracle Corporation"/>
    <property name="maven.home" value="/usr/local/apache-maven-3.3.9"/>
    <property name="file.separator" value="/"/>
    <property name="java.vendor.url.bug" value="http://bugreport.sun.com/bugreport/"/>
    <property name="sun.cpu.endian" value="little"/>
    <property name="sun.io.unicode.encoding" value="UnicodeLittle"/>
    <property name="sun.cpu.isalist" value=""/>
  </properties>
  <testcase classname="edu.cornell.mannlib.vitro.webapp.web.templatemodels.individual.ObjectPropertyTemplateModel_PropertyListConfigTest" name="operationIsNull" time="0.029"/>
  <testcase classname="edu.cornell.mannlib.vitro.webapp.web.templatemodels.individual.ObjectPropertyTemplateModel_PropertyListConfigTest" name="configFileNotSpecified" time="0.297"/>
  <testcase classname="edu.cornell.mannlib.vitro.webapp.web.templatemodels.individual.ObjectPropertyTemplateModel_PropertyListConfigTest" name="configFilePathCantBeTranslated" time="0.024"/>
  <testcase classname="edu.cornell.mannlib.vitro.webapp.web.templatemodels.individual.ObjectPropertyTemplateModel_PropertyListConfigTest" name="templateDoesNotExist" time="0.021"/>
  <testcase classname="edu.cornell.mannlib.vitro.webapp.web.templatemodels.individual.ObjectPropertyTemplateModel_PropertyListConfigTest" name="postProcessorClassHasWrongConstructor" time="0.009"/>
  <testcase classname="edu.cornell.mannlib.vitro.webapp.web.templatemodels.individual.ObjectPropertyTemplateModel_PropertyListConfigTest" name="subjectIsNull" time="0"/>
  <testcase classname="edu.cornell.mannlib.vitro.webapp.web.templatemodels.individual.ObjectPropertyTemplateModel_PropertyListConfigTest" name="postProcessorConstructorThrowsAnException" time="0.006"/>
  <testcase classname="edu.cornell.mannlib.vitro.webapp.web.templatemodels.individual.ObjectPropertyTemplateModel_PropertyListConfigTest" name="postProcessorClassNotFound" time="0.004"/>
  <testcase classname="edu.cornell.mannlib.vitro.webapp.web.templatemodels.individual.ObjectPropertyTemplateModel_PropertyListConfigTest" name="collatedNoSubclassOrder" time="0.004"/>
  <testcase classname="edu.cornell.mannlib.vitro.webapp.web.templatemodels.individual.ObjectPropertyTemplateModel_PropertyListConfigTest" name="collatedNoSubclassSelector" time="0.004"/>
  <testcase classname="edu.cornell.mannlib.vitro.webapp.web.templatemodels.individual.ObjectPropertyTemplateModel_PropertyListConfigTest" name="collatedValid" time="0.004"/>
  <testcase classname="edu.cornell.mannlib.vitro.webapp.web.templatemodels.individual.ObjectPropertyTemplateModel_PropertyListConfigTest" name="requestIsNull" time="0"/>
  <testcase classname="edu.cornell.mannlib.vitro.webapp.web.templatemodels.individual.ObjectPropertyTemplateModel_PropertyListConfigTest" name="postProcessorNameEmpty" time="0.002"/>
  <testcase classname="edu.cornell.mannlib.vitro.webapp.web.templatemodels.individual.ObjectPropertyTemplateModel_PropertyListConfigTest" name="postProcessorClassIsNotSuitable" time="0.008"/>
  <testcase classname="edu.cornell.mannlib.vitro.webapp.web.templatemodels.individual.ObjectPropertyTemplateModel_PropertyListConfigTest" name="postProcessorOK" time="0.005"/>
  <testcase classname="edu.cornell.mannlib.vitro.webapp.web.templatemodels.individual.ObjectPropertyTemplateModel_PropertyListConfigTest" name="constructQueryNodeMissing" time="0.798"/>
  <testcase classname="edu.cornell.mannlib.vitro.webapp.web.templatemodels.individual.ObjectPropertyTemplateModel_PropertyListConfigTest" name="constructQueryMultipleValues" time="0.017"/>
  <testcase classname="edu.cornell.mannlib.vitro.webapp.web.templatemodels.individual.ObjectPropertyTemplateModel_PropertyListConfigTest" name="configFileNotFound" time="0.006"/>
</testsuite>